0 info it worked if it ends with ok
1 verbose cli [ 'C:\\Program Files\\nodejs\\node.exe',
1 verbose cli   'C:\\Program Files\\nodejs\\node_modules\\npm\\bin\\npm-cli.js',
1 verbose cli   'install',
1 verbose cli   '-g',
1 verbose cli   'n' ]
2 info using npm@2.14.7
3 info using node@v4.2.3
4 verbose install initial load of C:\Users\kasem\AppData\Roaming\npm\package.json
5 verbose readDependencies loading dependencies from C:\Users\kasem\AppData\Roaming\npm\package.json
6 silly cache add args [ 'n', null ]
7 verbose cache add spec n
8 silly cache add parsed spec Result {
8 silly cache add   raw: 'n',
8 silly cache add   scope: null,
8 silly cache add   name: 'n',
8 silly cache add   rawSpec: '',
8 silly cache add   spec: '*',
8 silly cache add   type: 'range' }
9 silly addNamed n@*
10 verbose addNamed "*" is a valid semver range for n
11 silly addNameRange { name: 'n', range: '*', hasData: false }
12 silly mapToRegistry name n
13 silly mapToRegistry using default registry
14 silly mapToRegistry registry https://registry.npmjs.org/
15 silly mapToRegistry uri https://registry.npmjs.org/n
16 verbose addNameRange registry:https://registry.npmjs.org/n not in flight; fetching
17 verbose request uri https://registry.npmjs.org/n
18 verbose request no auth needed
19 info attempt registry request try #1 at 11:21:34 PM
20 verbose request id 4be907f2c633ba56
21 http request GET https://registry.npmjs.org/n
22 http 200 https://registry.npmjs.org/n
23 verbose headers { date: 'Fri, 31 Jan 2020 16:21:32 GMT',
23 verbose headers   'content-type': 'application/json',
23 verbose headers   'transfer-encoding': 'chunked',
23 verbose headers   connection: 'keep-alive',
23 verbose headers   'set-cookie': [ '__cfduid=d82b6e231010090b7694dca926035ce701580487692; expires=Sun, 01-Mar-20 16:21:32 GMT; path=/; domain=.npmjs.org; HttpOnly; SameSite=Lax' ],
23 verbose headers   'cf-ray': '55dd04eaf904ddcf-SIN',
23 verbose headers   age: '5258',
23 verbose headers   'cache-control': 'public, max-age=300',
23 verbose headers   etag: 'W/"104e24bbcf772983c3d9f02dcf62a01f"',
23 verbose headers   'last-modified': 'Wed, 29 Jan 2020 09:09:42 GMT',
23 verbose headers   vary: 'accept-encoding, accept',
23 verbose headers   'cf-cache-status': 'HIT',
23 verbose headers   'expect-ct': 'max-age=604800, report-uri="https://report-uri.cloudflare.com/cdn-cgi/beacon/expect-ct"',
23 verbose headers   server: 'cloudflare',
23 verbose headers   'content-encoding': 'gzip' }
24 silly get cb [ 200,
24 silly get   { date: 'Fri, 31 Jan 2020 16:21:32 GMT',
24 silly get     'content-type': 'application/json',
24 silly get     'transfer-encoding': 'chunked',
24 silly get     connection: 'keep-alive',
24 silly get     'set-cookie': [ '__cfduid=d82b6e231010090b7694dca926035ce701580487692; expires=Sun, 01-Mar-20 16:21:32 GMT; path=/; domain=.npmjs.org; HttpOnly; SameSite=Lax' ],
24 silly get     'cf-ray': '55dd04eaf904ddcf-SIN',
24 silly get     age: '5258',
24 silly get     'cache-control': 'public, max-age=300',
24 silly get     etag: 'W/"104e24bbcf772983c3d9f02dcf62a01f"',
24 silly get     'last-modified': 'Wed, 29 Jan 2020 09:09:42 GMT',
24 silly get     vary: 'accept-encoding, accept',
24 silly get     'cf-cache-status': 'HIT',
24 silly get     'expect-ct': 'max-age=604800, report-uri="https://report-uri.cloudflare.com/cdn-cgi/beacon/expect-ct"',
24 silly get     server: 'cloudflare',
24 silly get     'content-encoding': 'gzip' } ]
25 verbose get saving n to C:\Users\kasem\AppData\Roaming\npm-cache\registry.npmjs.org\n\.cache.json
26 verbose makeDirectory C:\Users\kasem\AppData\Roaming\npm-cache creation not in flight; initializing
27 verbose makeCacheDir UID & GID are irrelevant on win32
28 silly addNameRange number 2 { name: 'n', range: '*', hasData: true }
29 silly addNameRange versions [ 'n',
29 silly addNameRange   [ '0.0.1',
29 silly addNameRange     '0.0.2',
29 silly addNameRange     '0.0.3',
29 silly addNameRange     '0.0.4',
29 silly addNameRange     '0.1.0',
29 silly addNameRange     '0.1.1',
29 silly addNameRange     '0.1.2',
29 silly addNameRange     '0.2.0',
29 silly addNameRange     '0.2.1',
29 silly addNameRange     '0.2.2',
29 silly addNameRange     '0.3.0',
29 silly addNameRange     '0.4.0',
29 silly addNameRange     '0.4.1',
29 silly addNameRange     '0.4.2',
29 silly addNameRange     '0.5.0',
29 silly addNameRange     '0.5.1',
29 silly addNameRange     '0.5.2',
29 silly addNameRange     '0.5.3',
29 silly addNameRange     '0.5.4',
29 silly addNameRange     '0.6.0',
29 silly addNameRange     '0.6.1',
29 silly addNameRange     '0.7.0',
29 silly addNameRange     '0.7.1',
29 silly addNameRange     '0.7.2',
29 silly addNameRange     '0.7.3',
29 silly addNameRange     '0.8.0',
29 silly addNameRange     '0.8.1',
29 silly addNameRange     '0.8.2',
29 silly addNameRange     '0.9.0',
29 silly addNameRange     '0.9.1',
29 silly addNameRange     '0.9.2',
29 silly addNameRange     '0.9.3',
29 silly addNameRange     '1.0.0',
29 silly addNameRange     '1.1.0',
29 silly addNameRange     '1.2.1',
29 silly addNameRange     '1.2.2',
29 silly addNameRange     '1.2.3',
29 silly addNameRange     '1.2.4',
29 silly addNameRange     '1.2.5',
29 silly addNameRange     '1.2.6',
29 silly addNameRange     '1.2.7',
29 silly addNameRange     '1.2.8',
29 silly addNameRange     '1.2.9',
29 silly addNameRange     '1.2.11',
29 silly addNameRange     '1.2.13',
29 silly addNameRange     '1.2.14',
29 silly addNameRange     '1.3.0',
29 silly addNameRange     '1.4.0',
29 silly addNameRange     '2.0.0',
29 silly addNameRange     '1.4.1',
29 silly addNameRange     '2.0.1',
29 silly addNameRange     '1.4.2',
29 silly addNameRange     '2.0.2',
29 silly addNameRange     '2.1.0',
29 silly addNameRange     '2.1.1',
29 silly addNameRange     '2.1.2',
29 silly addNameRange     '2.1.3',
29 silly addNameRange     '2.1.4',
29 silly addNameRange     '2.1.5',
29 silly addNameRange     '2.1.6',
29 silly addNameRange     '2.1.7',
29 silly addNameRange     '2.1.8',
29 silly addNameRange     '2.1.9',
29 silly addNameRange     '2.1.10',
29 silly addNameRange     '2.1.11',
29 silly addNameRange     '2.1.12',
29 silly addNameRange     '3.0.0',
29 silly addNameRange     '3.0.1',
29 silly addNameRange     '3.0.2',
29 silly addNameRange     '4.0.0',
29 silly addNameRange     '4.1.0',
29 silly addNameRange     '5.0.0-next.0',
29 silly addNameRange     '5.0.0',
29 silly addNameRange     '5.0.1',
29 silly addNameRange     '5.0.2',
29 silly addNameRange     '6.0.0-0',
29 silly addNameRange     '6.0.0-1',
29 silly addNameRange     '6.0.0',
29 silly addNameRange     '6.0.1',
29 silly addNameRange     '6.1.0',
29 silly addNameRange     '6.1.1',
29 silly addNameRange     '6.1.2',
29 silly addNameRange     '6.1.3',
29 silly addNameRange     '6.2.0' ] ]
30 silly addNamed n@6.2.0
31 verbose addNamed "6.2.0" is a plain semver version for n
32 silly mapToRegistry name n
33 silly mapToRegistry using default registry
34 silly mapToRegistry registry https://registry.npmjs.org/
35 silly mapToRegistry uri https://registry.npmjs.org/n
36 verbose addRemoteTarball https://registry.npmjs.org/n/-/n-6.2.0.tgz not in flight; adding
37 verbose addRemoteTarball [ 'https://registry.npmjs.org/n/-/n-6.2.0.tgz',
37 verbose addRemoteTarball   '27c4aa1ac1d8a84c3a889e1a496ad3bbd7cf4e64' ]
38 info retry fetch attempt 1 at 11:21:34 PM
39 info attempt registry request try #1 at 11:21:34 PM
40 http fetch GET https://registry.npmjs.org/n/-/n-6.2.0.tgz
41 http fetch 200 https://registry.npmjs.org/n/-/n-6.2.0.tgz
42 silly fetchAndShaCheck shasum 27c4aa1ac1d8a84c3a889e1a496ad3bbd7cf4e64
43 verbose addTmpTarball C:\Users\kasem\AppData\Local\Temp\npm-7848-927a0c6e\registry.npmjs.org\n\-\n-6.2.0.tgz not in flight; adding
44 verbose addTmpTarball already have metadata; skipping unpack for n@6.2.0
45 silly cache afterAdd n@6.2.0
46 verbose afterAdd C:\Users\kasem\AppData\Roaming\npm-cache\n\6.2.0\package\package.json not in flight; writing
47 verbose afterAdd C:\Users\kasem\AppData\Roaming\npm-cache\n\6.2.0\package\package.json written
48 silly install resolved [ { name: 'n',
48 silly install resolved     description: 'Interactively Manage All Your Node Versions',
48 silly install resolved     version: '6.2.0',
48 silly install resolved     author: { name: 'TJ Holowaychuk', email: 'tj@vision-media.ca' },
48 silly install resolved     homepage: 'https://github.com/tj/n',
48 silly install resolved     bugs: { url: 'https://github.com/tj/n/issues' },
48 silly install resolved     contributors: [ [Object], [Object], [Object] ],
48 silly install resolved     keywords:
48 silly install resolved      [ 'nvm',
48 silly install resolved        'node',
48 silly install resolved        'version',
48 silly install resolved        'manager',
48 silly install resolved        'switcher',
48 silly install resolved        'node',
48 silly install resolved        'binary',
48 silly install resolved        'env' ],
48 silly install resolved     bin: { n: 'bin/n' },
48 silly install resolved     repository: { type: 'git', url: 'git://github.com/tj/n.git' },
48 silly install resolved     scripts: { test: 'test/bin/run-all-tests' },
48 silly install resolved     devDependencies: { bats: '^1.1.0' },
48 silly install resolved     preferGlobal: true,
48 silly install resolved     os: [ '!win32' ],
48 silly install resolved     engines: { node: '*' },
48 silly install resolved     license: 'MIT',
48 silly install resolved     gitHead: '89f55fd2f6f990f7a2293f64967186d30db6b2f4',
48 silly install resolved     _id: 'n@6.2.0',
48 silly install resolved     _nodeVersion: '13.7.0',
48 silly install resolved     _npmVersion: '6.13.6',
48 silly install resolved     dist:
48 silly install resolved      { integrity: 'sha512-UgMUiCdm/W2UgseGQvIgChg8U/uvhVgUQbcPaG53Q/+ETY2G27V9tjDrGGB+Kr9y9cN6Oo5j6zFUzT1E9H/1rg==',
48 silly install resolved        shasum: '27c4aa1ac1d8a84c3a889e1a496ad3bbd7cf4e64',
48 silly install resolved        tarball: 'https://registry.npmjs.org/n/-/n-6.2.0.tgz',
48 silly install resolved        fileCount: 5,
48 silly install resolved        unpackedSize: 56239,
48 silly install resolved        'npm-signature': '-----BEGIN PGP SIGNATURE-----\r\nVersion: OpenPGP.js v3.0.4\r\nComment: https://openpgpjs.org\r\n\r\nwsFcBAEBCAAQBQJeMUvRCRA9TVsSAnZWagAA79AP/2F94c9qbaBp1KSbg3bX\nei6QRqJwLPsBN5O/rFZ6YrtFQK2btRLfNrnYezd/buGtSOxhtZRklcRyYrxp\nUJ9LIY3fTWp+oFxGIQDMdPMfZinzxLM598N/5yGxEkMy5jDIMkm7vprYLBgp\nYBAea2d8r8czbmT6QnL5HRH7xPU2MJsgLkqdgKhYFgCnY8yz+9w2yVrFbAjN\nXNHExz3X9OFSctfKSePliC8RxGc8spNIeUhXqGpzlonQDTdjctcM8n91uhI1\n1zwysngCj6lOeIYv6xYm40f06dWhNuHEwXy9oGXEM2fbrls/khXWYsO2zGQc\nstME5pM7C5iozlh0CCnd1lBQNOvx3xEqCXoFFUCjIfAfYEyQilM6fnclpWxi\nj2T9nJisFbYehGtpQih2kkX6p5aViZ977qQ09qxPM+pju7ucgrFChNLUg4mz\nAELtVKPuWL4tuzWzrs1Kc18fILTtENGPqhROS2L9sMiBJYql5Nlkz9J+kIc/\n5pkv9L3iziaOyFVwuK9LtGqE0rdMcixbL8kXWY4j8b3wxfgL83vxHAeJlgYB\nyGuXTbSWjOWn2tyi3LVa5VT6IiKsS9y/Rn3jEcYnxlymBoqr3TQ78VxB3Yh2\nIb1XHBwxEJuAOxwxmBmwznusheDB93IKGqzBsg4UC54Tgyun3GP64acIBqBe\n3csf\r\n=B9h6\r\n-----END PGP SIGNATURE-----\r\n' },
48 silly install resolved     maintainers:
48 silly install resolved      [ [Object],
48 silly install resolved        [Object],
48 silly install resolved        [Object],
48 silly install resolved        [Object],
48 silly install resolved        [Object],
48 silly install resolved        [Object],
48 silly install resolved        [Object] ],
48 silly install resolved     _npmUser: { name: 'shadowspawn', email: 'npm_j@ruru.gen.nz' },
48 silly install resolved     directories: {},
48 silly install resolved     _npmOperationalInternal:
48 silly install resolved      { host: 's3://npm-registry-packages',
48 silly install resolved        tmp: 'tmp/n_6.2.0_1580288977363_0.34133293381964713' },
48 silly install resolved     _hasShrinkwrap: false,
48 silly install resolved     _shasum: '27c4aa1ac1d8a84c3a889e1a496ad3bbd7cf4e64',
48 silly install resolved     _resolved: 'https://registry.npmjs.org/n/-/n-6.2.0.tgz',
48 silly install resolved     _from: 'n@*' } ]
49 info install n@6.2.0 into C:\Users\kasem\AppData\Roaming\npm
50 info installOne n@6.2.0
51 verbose installOne of n to C:\Users\kasem\AppData\Roaming\npm not in flight; installing
52 verbose makeDirectory C:\Users\kasem\AppData\Roaming\npm-cache\_locks creation not in flight; initializing
53 verbose makeCacheDir UID & GID are irrelevant on win32
54 verbose lock using C:\Users\kasem\AppData\Roaming\npm-cache\_locks\n-1e83bafb355e5be6.lock for C:\Users\kasem\AppData\Roaming\npm\node_modules\n
55 verbose unlock done using C:\Users\kasem\AppData\Roaming\npm-cache\_locks\n-1e83bafb355e5be6.lock for C:\Users\kasem\AppData\Roaming\npm\node_modules\n
56 verbose stack Error: Unsupported
56 verbose stack     at checkPlatform (C:\Program Files\nodejs\node_modules\npm\node_modules\npm-install-checks\index.js:47:14)
56 verbose stack     at Array.<anonymous> (C:\Program Files\nodejs\node_modules\npm\node_modules\slide\lib\bind-actor.js:15:8)
56 verbose stack     at LOOP (C:\Program Files\nodejs\node_modules\npm\node_modules\slide\lib\chain.js:15:14)
56 verbose stack     at C:\Program Files\nodejs\node_modules\npm\node_modules\slide\lib\chain.js:18:7
56 verbose stack     at checkEngine (C:\Program Files\nodejs\node_modules\npm\node_modules\npm-install-checks\index.js:26:10)
56 verbose stack     at Array.<anonymous> (C:\Program Files\nodejs\node_modules\npm\node_modules\slide\lib\bind-actor.js:15:8)
56 verbose stack     at LOOP (C:\Program Files\nodejs\node_modules\npm\node_modules\slide\lib\chain.js:15:14)
56 verbose stack     at chain (C:\Program Files\nodejs\node_modules\npm\node_modules\slide\lib\chain.js:20:5)
56 verbose stack     at C:\Program Files\nodejs\node_modules\npm\lib\install.js:1038:5
56 verbose stack     at C:\Program Files\nodejs\node_modules\npm\lib\utils\locker.js:39:7
57 verbose pkgid n@6.2.0
58 verbose cwd E:\workspace\crud
59 error Windows_NT 6.3.9600
60 error argv "C:\\Program Files\\nodejs\\node.exe" "C:\\Program Files\\nodejs\\node_modules\\npm\\bin\\npm-cli.js" "install" "-g" "n"
61 error node v4.2.3
62 error npm  v2.14.7
63 error code EBADPLATFORM
64 error notsup Unsupported
64 error notsup Not compatible with your operating system or architecture: n@6.2.0
64 error notsup Valid OS:    !win32
64 error notsup Valid Arch:  any
64 error notsup Actual OS:   win32
64 error notsup Actual Arch: x64
65 verbose exit [ 1, true ]
